0 info it worked if it ends with ok
1 verbose cli [ '/usr/local/bin/node',
1 verbose cli   '/usr/local/bin/npm',
1 verbose cli   'install',
1 verbose cli   'nodemailer',
1 verbose cli   'v0.7.1' ]
2 info using npm@2.14.12
3 info using node@v4.3.0
4 verbose install initial load of /Users/breandanchoi/Desktop/package.json
5 warn package.json node-web-scrape@0.0.1 No repository field.
6 warn package.json node-web-scrape@0.0.1 No README data
7 warn package.json node-web-scrape@0.0.1 No license field.
8 verbose installManyTop reading scoped package data from /Users/breandanchoi/Desktop/node_modules/async/package.json
9 verbose installManyTop reading scoped package data from /Users/breandanchoi/Desktop/node_modules/aws-sign2/package.json
10 verbose installManyTop reading scoped package data from /Users/breandanchoi/Desktop/node_modules/bl/package.json
11 verbose installManyTop reading scoped package data from /Users/breandanchoi/Desktop/node_modules/cheerio/package.json
12 verbose installManyTop reading scoped package data from /Users/breandanchoi/Desktop/node_modules/colors/package.json
13 verbose installManyTop reading scoped package data from /Users/breandanchoi/Desktop/node_modules/datejs/package.json
14 verbose installManyTop reading scoped package data from /Users/breandanchoi/Desktop/node_modules/express/package.json
15 verbose installManyTop reading scoped package data from /Users/breandanchoi/Desktop/node_modules/extend/package.json
16 verbose installManyTop reading scoped package data from /Users/breandanchoi/Desktop/node_modules/fast-csv/package.json
17 verbose installManyTop reading scoped package data from /Users/breandanchoi/Desktop/node_modules/hawk/package.json
18 verbose installManyTop reading scoped package data from /Users/breandanchoi/Desktop/node_modules/http-signature/package.json
19 verbose installManyTop reading scoped package data from /Users/breandanchoi/Desktop/node_modules/jquery/package.json
20 verbose installManyTop reading scoped package data from /Users/breandanchoi/Desktop/node_modules/json-stringify-safe/package.json
21 verbose installManyTop reading scoped package data from /Users/breandanchoi/Desktop/node_modules/json2csv/package.json
22 verbose installManyTop reading scoped package data from /Users/breandanchoi/Desktop/node_modules/mime-types/package.json
23 verbose installManyTop reading scoped package data from /Users/breandanchoi/Desktop/node_modules/nodemailer/package.json
24 verbose installManyTop reading scoped package data from /Users/breandanchoi/Desktop/node_modules/pg/package.json
25 verbose installManyTop reading scoped package data from /Users/breandanchoi/Desktop/node_modules/prompt/package.json
26 verbose installManyTop reading scoped package data from /Users/breandanchoi/Desktop/node_modules/request/package.json
27 verbose installManyTop reading scoped package data from /Users/breandanchoi/Desktop/node_modules/salesforceiq/package.json
28 verbose installManyTop reading scoped package data from /Users/breandanchoi/Desktop/node_modules/save/package.json
29 verbose installManyTop reading scoped package data from /Users/breandanchoi/Desktop/node_modules/sendgrid/package.json
30 verbose installManyTop reading scoped package data from /Users/breandanchoi/Desktop/node_modules/stringstream/package.json
31 verbose installManyTop reading scoped package data from /Users/breandanchoi/Desktop/node_modules/tough-cookie/package.json
32 verbose installManyTop reading scoped package data from /Users/breandanchoi/Desktop/node_modules/underscore/package.json
33 info package.json prompt@0.2.14 No license field.
34 info package.json save@2.1.1 No license field.
35 verbose readDependencies loading dependencies from /Users/breandanchoi/Desktop/package.json
36 verbose install nodemailer is installed as 2.1.0
37 silly cache add args [ 'nodemailer', null ]
38 verbose cache add spec nodemailer
39 silly cache add args [ 'v0.7.1', null ]
40 verbose cache add spec v0.7.1
41 silly cache add parsed spec Result {
41 silly cache add   raw: 'nodemailer',
41 silly cache add   scope: null,
41 silly cache add   name: 'nodemailer',
41 silly cache add   rawSpec: '',
41 silly cache add   spec: 'latest',
41 silly cache add   type: 'tag' }
42 silly addNamed nodemailer@latest
43 verbose addNamed "latest" is being treated as a dist-tag for nodemailer
44 info addNameTag [ 'nodemailer', 'latest' ]
45 silly mapToRegistry name nodemailer
46 silly mapToRegistry using default registry
47 silly mapToRegistry registry https://registry.npmjs.org/
48 silly mapToRegistry uri https://registry.npmjs.org/nodemailer
49 verbose addNameTag registry:https://registry.npmjs.org/nodemailer not in flight; fetching
50 silly cache add parsed spec Result {
50 silly cache add   raw: 'v0.7.1',
50 silly cache add   scope: null,
50 silly cache add   name: 'v0.7.1',
50 silly cache add   rawSpec: '',
50 silly cache add   spec: 'latest',
50 silly cache add   type: 'tag' }
51 silly addNamed v0.7.1@latest
52 verbose addNamed "latest" is being treated as a dist-tag for v0.7.1
53 info addNameTag [ 'v0.7.1', 'latest' ]
54 silly mapToRegistry name v0.7.1
55 silly mapToRegistry using default registry
56 silly mapToRegistry registry https://registry.npmjs.org/
57 silly mapToRegistry uri https://registry.npmjs.org/v0.7.1
58 verbose addNameTag registry:https://registry.npmjs.org/v0.7.1 not in flight; fetching
59 verbose request uri https://registry.npmjs.org/nodemailer
60 verbose request no auth needed
61 info attempt registry request try #1 at 12:09:05 PM
62 verbose request id 57c47af94378e1b7
63 verbose etag "DZ28WS2FX120K5F43W3JQ7WU6"
64 http request GET https://registry.npmjs.org/nodemailer
65 verbose request uri https://registry.npmjs.org/v0.7.1
66 verbose request no auth needed
67 info attempt registry request try #1 at 12:09:05 PM
68 http request GET https://registry.npmjs.org/v0.7.1
69 http 304 https://registry.npmjs.org/nodemailer
70 verbose headers { date: 'Wed, 17 Feb 2016 17:09:05 GMT',
70 verbose headers   via: '1.1 varnish',
70 verbose headers   'cache-control': 'max-age=300',
70 verbose headers   etag: '"DZ28WS2FX120K5F43W3JQ7WU6"',
70 verbose headers   age: '187',
70 verbose headers   connection: 'keep-alive',
70 verbose headers   'x-served-by': 'cache-dfw1828-DFW',
70 verbose headers   'x-cache': 'HIT',
70 verbose headers   'x-cache-hits': '1',
70 verbose headers   'x-timer': 'S1455728945.823717,VS0,VE0',
70 verbose headers   vary: 'Accept' }
71 silly get cb [ 304,
71 silly get   { date: 'Wed, 17 Feb 2016 17:09:05 GMT',
71 silly get     via: '1.1 varnish',
71 silly get     'cache-control': 'max-age=300',
71 silly get     etag: '"DZ28WS2FX120K5F43W3JQ7WU6"',
71 silly get     age: '187',
71 silly get     connection: 'keep-alive',
71 silly get     'x-served-by': 'cache-dfw1828-DFW',
71 silly get     'x-cache': 'HIT',
71 silly get     'x-cache-hits': '1',
71 silly get     'x-timer': 'S1455728945.823717,VS0,VE0',
71 silly get     vary: 'Accept' } ]
72 verbose etag https://registry.npmjs.org/nodemailer from cache
73 verbose get saving nodemailer to /Users/breandanchoi/.npm/registry.npmjs.org/nodemailer/.cache.json
74 silly addNameTag next cb for nodemailer with tag latest
75 silly addNamed nodemailer@2.1.0
76 verbose addNamed "2.1.0" is a plain semver version for nodemailer
77 silly cache afterAdd nodemailer@2.1.0
78 verbose afterAdd /Users/breandanchoi/.npm/nodemailer/2.1.0/package/package.json not in flight; writing
79 verbose afterAdd /Users/breandanchoi/.npm/nodemailer/2.1.0/package/package.json written
80 http 404 https://registry.npmjs.org/v0.7.1
81 verbose headers { 'content-type': 'application/json',
81 verbose headers   'cache-control': 'max-age=0',
81 verbose headers   'content-length': '2',
81 verbose headers   'accept-ranges': 'bytes',
81 verbose headers   date: 'Wed, 17 Feb 2016 17:09:05 GMT',
81 verbose headers   via: '1.1 varnish',
81 verbose headers   age: '0',
81 verbose headers   connection: 'keep-alive',
81 verbose headers   'x-served-by': 'cache-dfw1835-DFW',
81 verbose headers   'x-cache': 'MISS',
81 verbose headers   'x-cache-hits': '0',
81 verbose headers   'x-timer': 'S1455728945.826200,VS0,VE58' }
82 silly get cb [ 404,
82 silly get   { 'content-type': 'application/json',
82 silly get     'cache-control': 'max-age=0',
82 silly get     'content-length': '2',
82 silly get     'accept-ranges': 'bytes',
82 silly get     date: 'Wed, 17 Feb 2016 17:09:05 GMT',
82 silly get     via: '1.1 varnish',
82 silly get     age: '0',
82 silly get     connection: 'keep-alive',
82 silly get     'x-served-by': 'cache-dfw1835-DFW',
82 silly get     'x-cache': 'MISS',
82 silly get     'x-cache-hits': '0',
82 silly get     'x-timer': 'S1455728945.826200,VS0,VE58' } ]
83 verbose stack Error: Registry returned 404 for GET on https://registry.npmjs.org/v0.7.1
83 verbose stack     at makeError (/usr/local/lib/node_modules/npm/node_modules/npm-registry-client/lib/request.js:264:12)
83 verbose stack     at CachingRegistryClient.<anonymous> (/usr/local/lib/node_modules/npm/node_modules/npm-registry-client/lib/request.js:242:14)
83 verbose stack     at Request._callback (/usr/local/lib/node_modules/npm/node_modules/npm-registry-client/lib/request.js:172:14)
83 verbose stack     at Request.self.callback (/usr/local/lib/node_modules/npm/node_modules/request/request.js:198:22)
83 verbose stack     at emitTwo (events.js:87:13)
83 verbose stack     at Request.emit (events.js:172:7)
83 verbose stack     at Request.<anonymous> (/usr/local/lib/node_modules/npm/node_modules/request/request.js:1082:10)
83 verbose stack     at emitOne (events.js:82:20)
83 verbose stack     at Request.emit (events.js:169:7)
83 verbose stack     at IncomingMessage.<anonymous> (/usr/local/lib/node_modules/npm/node_modules/request/request.js:1009:12)
84 verbose statusCode 404
85 verbose pkgid v0.7.1
86 verbose cwd /Users/breandanchoi/Desktop/movie-scraper
87 error Darwin 14.5.0
88 error argv "/usr/local/bin/node" "/usr/local/bin/npm" "install" "nodemailer" "v0.7.1"
89 error node v4.3.0
90 error npm  v2.14.12
91 error code E404
92 error 404 Registry returned 404 for GET on https://registry.npmjs.org/v0.7.1
92 error 404
92 error 404 'v0.7.1' is not in the npm registry.
92 error 404 You should bug the author to publish it (or use the name yourself!)
92 error 404 It was specified as a dependency of 'node-web-scrape'
92 error 404
92 error 404 Note that you can also install from a
92 error 404 tarball, folder, http url, or git url.
93 verbose exit [ 1, true ]
